<?xml version="1.0" encoding="UTF-8"?>
<!-- Generated by org.testng.reporters.JUnitXMLReporter -->
<testsuite ignored="0" hostname="Amulya" failures="2" tests="6" name="Surefire test" time="25.955" errors="0" timestamp="2023-01-10T22:20:52 IST">
  <testcase classname="wRepeat.wFramework.ErrorValidationTest" name="init" time="0.534">
    <skipped/>
  </testcase> <!-- init -->
  <testcase classname="wRepeat.wFramework.ErrorValidationTest" name="init" time="0.606">
    <skipped/>
  </testcase> <!-- init -->
  <testcase classname="wRepeat.wFramework.ErrorValidationTest" name="init" time="0.576">
    <failure type="java.lang.AssertionError" message="expected [Incorrect email  password.] but found [Incorrect email or password.]">
      <![CDATA[java.lang.AssertionError: expected [Incorrect email  password.] but found [Incorrect email or password.]
at wRepeat.wFramework.ErrorValidationTest.init(ErrorValidationTest.java:37)
at java.base/java.util.ArrayList.forEach(ArrayList.java:1541)
... Removed 38 stack frames]]>
    </failure>
  </testcase> <!-- init -->
  <testcase classname="wRepeat.wFramework.ErrorValidationTest" name="orderHistory" time="4.481"/>
  <testcase classname="wRepeat.wFramework.SubmitOrderTest" name="submitOrder" time="0.0">
    <failure type="java.lang.RuntimeException" message="java.io.FileNotFoundException: File &amp;apos;C:\Users\bsamu\EclipseWorkspace\WFrameworksrc\test\java\wRepeat\json\data\inputdata.json&amp;apos; does not exist">
      <![CDATA[java.lang.RuntimeException: java.io.FileNotFoundException: File 'C:\Users\bsamu\EclipseWorkspace\WFrameworksrc\test\java\wRepeat\json\data\inputdata.json' does not exist
at java.base/java.util.ArrayList.forEach(ArrayList.java:1541)
Caused by: java.io.FileNotFoundException: File 'C:\Users\bsamu\EclipseWorkspace\WFrameworksrc\test\java\wRepeat\json\data\inputdata.json' does not exist
at org.apache.commons.io.FileUtils.openInputStream(FileUtils.java:297)
at org.apache.commons.io.FileUtils.readFileToString(FileUtils.java:1805)
at wRepeat.baseTest.BaseTest.jsonToMap(BaseTest.java:97)
at wRepeat.wFramework.SubmitOrderTest.getData(SubmitOrderTest.java:54)
... 30 more
... Removed 37 stack frames]]>
    </failure>
  </testcase> <!-- submitOrder -->
  <testcase classname="wRepeat.wFramework.SubmitOrderTest" name="orderHistory" time="0.0">
    <skipped/>
  </testcase> <!-- orderHistory -->
</testsuite> <!-- Surefire test -->
