<?xml version="1.0" encoding="UTF-8"?>
<!-- Generated by org.testng.reporters.JUnitXMLReporter -->
<testsuite ignored="0" hostname="Amulya" failures="1" tests="3" name="ErrorValidation Test" time="14.603" errors="0" timestamp="2023-01-11T11:36:22 IST">
  <testcase classname="wRepeat.wFramework.ErrorValidationTest" name="init" time="0.529">
    <skipped/>
  </testcase> <!-- init -->
  <testcase classname="wRepeat.wFramework.ErrorValidationTest" name="init" time="0.593">
    <failure type="java.lang.AssertionError" message="expected [Incorrect email  password.] but found [Incorrect email or password.]">
      <![CDATA[java.lang.AssertionError: expected [Incorrect email  password.] but found [Incorrect email or password.]
at wRepeat.wFramework.ErrorValidationTest.init(ErrorValidationTest.java:37)
at java.base/java.util.ArrayList.forEach(ArrayList.java:1541)
... Removed 37 stack frames]]>
    </failure>
  </testcase> <!-- init -->
  <testcase classname="wRepeat.wFramework.ErrorValidationTest" name="orderHistory" time="4.177"/>
</testsuite> <!-- ErrorValidation Test -->
