<!DOCTYPE html PUBLIC "-//W3C//DTD XHTML 1.1//EN" "https://www.w3.org/TR/xhtml11/DTD/xhtml11.dtd">
<html xmlns="https://www.w3.org/1999/xhtml">
<head>
<meta http-equiv="content-type" content="text/html; charset=UTF-8"/>
<title>TestNG Report</title>
<style type="text/css">table {margin-bottom:10px;border-collapse:collapse;empty-cells:show}th,td {border:1px solid #009;padding:.25em .5em}th {vertical-align:bottom}td {vertical-align:top}table a {font-weight:bold}.stripe td {background-color: #E6EBF9}.num {text-align:right}.passedodd td {background-color: #3F3}.passedeven td {background-color: #0A0}.skippedodd td {background-color: #DDD}.skippedeven td {background-color: #CCC}.failedodd td,.attn {background-color: #F33}.failedeven td,.stripe .attn {background-color: #D00}.stacktrace {white-space:pre;font-family:monospace}.totop {font-size:85%;text-align:center;border-bottom:2px solid #000}.invisible {display:none}</style>
</head>
<body>
<table>
<tr><th>Test</th><th># Passed</th><th># Skipped</th><th># Retried</th><th># Failed</th><th>Time (ms)</th><th>Included Groups</th><th>Excluded Groups</th></tr>
<tr><th colspan="8">Surefire suite</th></tr>
<tr><td><a href="#t0">Surefire test</a></td><td class="num">1</td><td class="num attn">1</td><td class="num attn">2</td><td class="num attn">2</td><td class="num">25,955</td><td></td><td></td></tr>
</table>
<table id='summary'><thead><tr><th>Class</th><th>Method</th><th>Start</th><th>Time (ms)</th></tr></thead><tbody><tr><th colspan="4">Surefire suite</th></tr></tbody><tbody id="t0"><tr><th colspan="4">Surefire test &#8212; failed</th></tr><tr class="failedeven"><td rowspan="1">wRepeat.wFramework.ErrorValidationTest</td><td><a href="#m0">init</a></td><td rowspan="1">1673369441621</td><td rowspan="1">576</td></tr><tr class="failedodd"><td rowspan="1">wRepeat.wFramework.SubmitOrderTest</td><td><a href="#m1">submitOrder</a></td><td rowspan="1">1673369452732</td><td rowspan="1">0</td></tr><tr><th colspan="4">Surefire test &#8212; skipped</th></tr><tr class="skippedeven"><td rowspan="1">wRepeat.wFramework.SubmitOrderTest</td><td><a href="#m2">orderHistory</a></td><td rowspan="1">1673369452755</td><td rowspan="1">0</td></tr><tr><th colspan="4">Surefire test &#8212; retried</th></tr><tr class="retriedeven"><td rowspan="2">wRepeat.wFramework.ErrorValidationTest</td><td><a href="#m3">init</a></td><td rowspan="2">1673369432280</td><td rowspan="2">534</td></tr><tr class="retriedeven"><td><a href="#m4">init</a></td></tr><tr><th colspan="4">Surefire test &#8212; passed</th></tr><tr class="passedeven"><td rowspan="1">wRepeat.wFramework.ErrorValidationTest</td><td><a href="#m5">orderHistory</a></td><td rowspan="1">1673369447666</td><td rowspan="1">4481</td></tr></tbody>
</table>
<h2>Surefire test</h2><h3 id="m0">wRepeat.wFramework.ErrorValidationTest#init</h3><table class="result"><tr><th>Exception</th></tr><tr><td><div class="stacktrace">java.lang.AssertionError: expected [Incorrect email  password.] but found [Incorrect email or password.]
	at wRepeat.wFramework.ErrorValidationTest.init(ErrorValidationTest.java:37)
	at java.base/java.util.ArrayList.forEach(ArrayList.java:1541)
... Removed 38 stack frames</div></td></tr></table><p class="totop"><a href="#summary">back to summary</a></p>
<h3 id="m1">wRepeat.wFramework.SubmitOrderTest#submitOrder</h3><table class="result"><tr><th>Exception</th></tr><tr><td><div class="stacktrace">java.lang.RuntimeException: java.io.FileNotFoundException: File &apos;C:\Users\bsamu\EclipseWorkspace\WFrameworksrc\test\java\wRepeat\json\data\inputdata.json&apos; does not exist
	at java.base/java.util.ArrayList.forEach(ArrayList.java:1541)
Caused by: java.io.FileNotFoundException: File &apos;C:\Users\bsamu\EclipseWorkspace\WFrameworksrc\test\java\wRepeat\json\data\inputdata.json&apos; does not exist
	at org.apache.commons.io.FileUtils.openInputStream(FileUtils.java:297)
	at org.apache.commons.io.FileUtils.readFileToString(FileUtils.java:1805)
	at wRepeat.baseTest.BaseTest.jsonToMap(BaseTest.java:97)
	at wRepeat.wFramework.SubmitOrderTest.getData(SubmitOrderTest.java:54)
	... 30 more
... Removed 37 stack frames</div></td></tr></table><p class="totop"><a href="#summary">back to summary</a></p>
<h3 id="m2">wRepeat.wFramework.SubmitOrderTest#orderHistory</h3><table class="result"><tr><th>Exception</th></tr><tr><td><div class="stacktrace">java.lang.Throwable: Method wRepeat.wFramework.SubmitOrderTest.orderHistory() on instance wRepeat.wFramework.SubmitOrderTest@a2431d0 depends on not successfully finished methods 
[wRepeat.wFramework.SubmitOrderTest.submitOrder() on instance wRepeat.wFramework.SubmitOrderTest@a2431d0]
	at java.base/java.util.ArrayList.forEach(ArrayList.java:1541)
... Removed 23 stack frames</div></td></tr></table><p class="totop"><a href="#summary">back to summary</a></p>
<h3 id="m3">wRepeat.wFramework.ErrorValidationTest#init</h3><table class="result"><tr><th>Exception</th></tr><tr><td><div class="stacktrace">java.lang.AssertionError: expected [Incorrect email  password.] but found [Incorrect email or password.]
	at wRepeat.wFramework.ErrorValidationTest.init(ErrorValidationTest.java:37)
	at java.base/java.util.ArrayList.forEach(ArrayList.java:1541)
... Removed 38 stack frames</div></td></tr></table><p class="totop"><a href="#summary">back to summary</a></p>
<h3 id="m4">wRepeat.wFramework.ErrorValidationTest#init</h3><table class="result"><tr><th>Exception</th></tr><tr><td><div class="stacktrace">java.lang.AssertionError: expected [Incorrect email  password.] but found [Incorrect email or password.]
	at wRepeat.wFramework.ErrorValidationTest.init(ErrorValidationTest.java:37)
	at java.base/java.util.ArrayList.forEach(ArrayList.java:1541)
... Removed 38 stack frames</div></td></tr></table><p class="totop"><a href="#summary">back to summary</a></p>
<h3 id="m5">wRepeat.wFramework.ErrorValidationTest#orderHistory</h3><table class="result"><tr><th class="invisible"/></tr></table><p class="totop"><a href="#summary">back to summary</a></p>
</body>
</html>
